<?xml version="1.0" encoding="utf-8"?><testsuites><testsuite name="pytest" errors="0" failures="0" skipped="1" tests="60" time="2.215" timestamp="2022-08-03T18:30:27.845493" hostname="golliaz"><testcase classname="tests.system.test_analysis" name="test_analysis_return_code_invalid" time="0.161" /><testcase classname="tests.system.test_available" name="test_available_return_code_invalid" time="0.149" /><testcase classname="tests.system.test_change_name" name="test_change_name_return_code_invalid" time="0.146" /><testcase classname="tests.system.test_help" name="test_show_help" time="0.307" /><testcase classname="tests.system.test_import" name="test_import_metrics_file_not_found_exception_handling" time="0.142" /><testcase classname="tests.system.test_list" name="test_list_return_code_invalid" time="0.150" /><testcase classname="tests.system.test_no_env" name="test_no_env" time="0.156" /><testcase classname="tests.system.test_show" name="test_show_return_code_invalid" time="0.146" /><testcase classname="tests.system.test_sigint" name="test_sigint" time="0.502"><skipped type="pytest.xfail" message="" /></testcase><testcase classname="tests.unit.test_available" name="test_parse_available" time="0.002" /><testcase classname="tests.unit.test_change_name" name="test_change_name_sucess" time="0.003" /><testcase classname="tests.unit.test_change_name" name="test_change_name_error[404-There was an ERROR while changing your Pre Configuration name: There is no pre configurations with ID 6261b76c974ddbc76bdea7af]" time="0.002" /><testcase classname="tests.unit.test_change_name" name="test_change_name_error[422-There was an ERROR while changing your Pre Configuration name: The pre config name is already in use]" time="0.002" /><testcase classname="tests.unit.test_create" name="test_pre_config_file_reader" time="0.002" /><testcase classname="tests.unit.test_create" name="test_valid_read_file_characteristics" time="0.001" /><testcase classname="tests.unit.test_create" name="test_valid_validate_file_characteristics" time="0.001" /><testcase classname="tests.unit.test_create" name="test_invalid_validate_file_characteristics" time="0.001" /><testcase classname="tests.unit.test_create" name="test_valid_read_file_sub_characteristics" time="0.001" /><testcase classname="tests.unit.test_create" name="test_valid_validate_file_sub_characteristics" time="0.001" /><testcase classname="tests.unit.test_create" name="test_invalid_validate_file_sub_characteristics" time="0.001" /><testcase classname="tests.unit.test_create" name="test_valid_read_file_measures" time="0.001" /><testcase classname="tests.unit.test_create" name="test_valid_validate_file_measures" time="0.001" /><testcase classname="tests.unit.test_create" name="test_invalid_validate_file_measures" time="0.001" /><testcase classname="tests.unit.test_create" name="test_valid_validate_core_available" time="0.001" /><testcase classname="tests.unit.test_create" name="test_invalid_validate_core_available" time="0.001" /><testcase classname="tests.unit.test_create" name="test_validate_weight_value" time="0.001" /><testcase classname="tests.unit.test_create" name="test_check_in_keys" time="0.001" /><testcase classname="tests.unit.test_create" name="test_validate_weight_parameter" time="0.001" /><testcase classname="tests.unit.test_create" name="test_round_of_sum_weights" time="0.001" /><testcase classname="tests.unit.test_create" name="test_validate_sum_of_weights" time="0.001" /><testcase classname="tests.unit.test_jsonReader" name="test_invalid_file_extension[sonar.txt]" time="0.001" /><testcase classname="tests.unit.test_jsonReader" name="test_invalid_file_extension[sonar.xml]" time="0.001" /><testcase classname="tests.unit.test_jsonReader" name="test_invalid_file_extension[sonar.jjson]" time="0.001" /><testcase classname="tests.unit.test_jsonReader" name="test_file_reader_success" time="0.002" /><testcase classname="tests.unit.test_jsonReader.TestOpenJsonFile" name="test_file_not_found" time="0.001" /><testcase classname="tests.unit.test_jsonReader.TestOpenJsonFile" name="test_file_invalid_json" time="0.001" /><testcase classname="tests.unit.test_jsonReader.TestValidateMetricsPost" name="test_post_success[200]" time="0.001" /><testcase classname="tests.unit.test_jsonReader.TestValidateMetricsPost" name="test_post_success[201]" time="0.001" /><testcase classname="tests.unit.test_jsonReader.TestValidateMetricsPost" name="test_post_success[204]" time="0.001" /><testcase classname="tests.unit.test_jsonReader.TestValidateMetricsPost" name="test_post_failure[400]" time="0.001" /><testcase classname="tests.unit.test_jsonReader.TestValidateMetricsPost" name="test_post_failure[500]" time="0.001" /><testcase classname="tests.unit.test_jsonReader.TestValidateMetricsPost" name="test_post_failure[404]" time="0.001" /><testcase classname="tests.unit.test_jsonReader.TestValidateMetricsPost" name="test_post_failure[422]" time="0.001" /><testcase classname="tests.unit.test_jsonReader.TestCheckMetricsValues" name="test_invalid_metric_value[json_data0-Invalid metric value in &quot;MeasureSoftGram-CLI:tests/__init__.py&quot; component for the &quot;test_errors&quot; metric]" time="0.001" /><testcase classname="tests.unit.test_jsonReader.TestCheckMetricsValues" name="test_invalid_metric_value[json_data1-Invalid metric value in &quot;MeasureSoftGram-CLI:tests/__init__.py&quot; component for the &quot;test_failures&quot; metric]" time="0.001" /><testcase classname="tests.unit.test_jsonReader.TestCheckMetricsValues" name="test_invalid_metric_value[json_data2-Invalid metric value in &quot;MeasureSoftGram-CLI:tests/__init__.py&quot; component for the &quot;files&quot; metric]" time="0.001" /><testcase classname="tests.unit.test_jsonReader.TestCheckMetricsValues" name="test_key_error[json_data0]" time="0.001" /><testcase classname="tests.unit.test_jsonReader.TestCheckMetricsValues" name="test_key_error[json_data1]" time="0.001" /><testcase classname="tests.unit.test_jsonReader.TestCheckMetricsValues" name="test_key_error[json_data2]" time="0.001" /><testcase classname="tests.unit.test_jsonReader.TestCheckSonarFormat" name="test_check_sonar_format_invalid_json[json_data0-Invalid Sonar JSON keys. Missing keys are: paging, baseComponent, components]" time="0.001" /><testcase classname="tests.unit.test_jsonReader.TestCheckSonarFormat" name="test_check_sonar_format_invalid_json[json_data1-Invalid Sonar JSON keys. Missing keys are: components]" time="0.001" /><testcase classname="tests.unit.test_jsonReader.TestCheckSonarFormat" name="test_check_sonar_format_invalid_json[json_data2-Invalid Sonar baseComponent keys. Missing keys are: id, key, name, measures]" time="0.001" /><testcase classname="tests.unit.test_jsonReader.TestCheckSonarFormat" name="test_check_sonar_format_invalid_json[json_data3-Invalid Sonar JSON components value. It must have at least one component]" time="0.001" /><testcase classname="tests.unit.test_list" name="test_pre_configs_list" time="0.013" /><testcase classname="tests.unit.test_list" name="test_error_in_pre_config_list" time="0.001" /><testcase classname="tests.unit.test_results" name="test_print_results" time="0.001" /><testcase classname="tests.unit.test_results" name="test_validate_analysis_response_success" time="0.001" /><testcase classname="tests.unit.test_results" name="test_validate_analysis_response_error" time="0.000" /><testcase classname="tests.unit.test_show" name="test_pre_configs_show" time="0.001" /><testcase classname="tests.unit.test_show" name="test_error_in_pre_config_list" time="0.002" /></testsuite></testsuites>